2021-02-05 12:33:29,696 INFO o.a.j.u.JMeterUtils: Setting Locale to en_EN
2021-02-05 12:33:29,711 INFO o.a.j.JMeter: Loading user properties from: C:\Users\QAQdd\Development\Scoop\apps\jmeter\current\bin\user.properties
2021-02-05 12:33:29,711 INFO o.a.j.JMeter: Loading system properties from: C:\Users\QAQdd\Development\Scoop\apps\jmeter\current\bin\system.properties
2021-02-05 12:33:29,727 INFO o.a.j.JMeter: Copyright (c) 1998-2021 The Apache Software Foundation
2021-02-05 12:33:29,727 INFO o.a.j.JMeter: Version 5.4.1
2021-02-05 12:33:29,727 INFO o.a.j.JMeter: java.version=1.8.0_282
2021-02-05 12:33:29,727 INFO o.a.j.JMeter: java.vm.name=OpenJDK 64-Bit Server VM
2021-02-05 12:33:29,727 INFO o.a.j.JMeter: os.name=Windows 10
2021-02-05 12:33:29,727 INFO o.a.j.JMeter: os.arch=amd64
2021-02-05 12:33:29,727 INFO o.a.j.JMeter: os.version=10.0
2021-02-05 12:33:29,727 INFO o.a.j.JMeter: file.encoding=Cp1252
2021-02-05 12:33:29,727 INFO o.a.j.JMeter: java.awt.headless=null
2021-02-05 12:33:29,727 INFO o.a.j.JMeter: Max memory     =1073741824
2021-02-05 12:33:29,727 INFO o.a.j.JMeter: Available Processors =8
2021-02-05 12:33:29,727 INFO o.a.j.JMeter: Default Locale=English (EN)
2021-02-05 12:33:29,727 INFO o.a.j.JMeter: JMeter  Locale=English (EN)
2021-02-05 12:33:29,727 INFO o.a.j.JMeter: JMeterHome=C:\Users\QAQdd\Development\Scoop\apps\jmeter\current
2021-02-05 12:33:29,727 INFO o.a.j.JMeter: user.dir  =C:\Users\QAQdd\OneDrive\Text\Blog
2021-02-05 12:33:29,727 INFO o.a.j.JMeter: PWD       =C:\Users\QAQdd\OneDrive\Text\Blog
2021-02-05 12:33:29,727 INFO o.a.j.JMeter: IP: 172.18.144.1 Name: prothirteen FullName: prothirteen.mshome.net
2021-02-05 12:33:29,852 INFO o.a.j.JMeter: Setting LAF to: com.github.weisj.darklaf.DarkLaf:com.github.weisj.darklaf.theme.SolarizedLightTheme
2021-02-05 12:33:30,330 INFO o.a.j.JMeter: Loaded icon properties from org/apache/jmeter/images/icon.properties
2021-02-05 12:33:37,093 INFO o.a.j.g.JMeterUIDefaults: Applying font scale factor: 2.2
2021-02-05 12:33:39,480 INFO o.a.j.g.JMeterUIDefaults: Applying font scale factor: 2.42
